[connected]
Mar  6 22:08:53 symptomsd(SymptomEvaluator)[125] <Notice>: L2 Metrics on ifname en0: rssi: -57 (txFrames/txReTx/txFail) 0/0/0 -> (was/is) 0/0
Mar  6 22:08:54 CommCenter(libATCommandStudioDynamic.dylib)[84] <Notice>: QMI: Svc=0xe2(BSP) Ind MsgId=0xe021 Bin=[<private>]
Mar  6 22:08:54 symptomsd(SymptomEvaluator)[125] <Notice>: L2 Metrics on ifname en0: rssi: -55 (txFrames/txReTx/txFail) 1/1/0 -> (was/is) 0/0
Mar  6 22:08:55 symptomsd(SymptomEvaluator)[125] <Notice>: route source 0x11bd7ab30 description callback has snapshot <private>
Mar  6 22:08:55 symptomsd(SymptomEvaluator)[125] <Notice>: progress on en0 for <private>: deltaBytesIn: 654.000000
Mar  6 22:08:55 newsd(CFNetwork)[483] <Notice>: TIC TCP Conn Cancel [11:0x13f8ba060]
Mar  6 22:08:55 newsd(libnetwork.dylib)[483] <Notice>: [C11 Hostname#2940eef4:443 tcp, url hash: 4e63f492, tls] cancel
Mar  6 22:08:55 newsd(libnetwork.dylib)[483] <Notice>: [C11 Hostname#2940eef4:443 tcp, url hash: 4e63f492, tls] cancelled
	[C11.1 <private> 192.168.1.232:60540<->IPv4#4bb86b55:8888]
	Connected Path: satisfied (Path is satisfied), interface: en0, ipv4, ipv6, dns
	Duration: 31.308s, , TCP @0.162s took 0.000s, TLS took 0.154s
	bytes in/out: 36528/1199, packets in/out: 29/4, rtt: 0.024s, retransmitted packets: 0, out-of-order packets: 0
Mar  6 22:08:55 newsd(libnetwork.dylib)[483] <Notice>: 0.000s [C11 <private> Hostname#2940eef4:443 proxy] path:start
Mar  6 22:08:55 newsd(libnetwork.dylib)[483] <Notice>: 0.000s [C11 <private> Hostname#2940eef4:443 proxy] path:satisfied
Mar  6 22:08:55 newsd(libnetwork.dylib)[483] <Notice>: 0.000s [C11 <private> Hostname#2940eef4:443 proxy] proxy:start_process
Mar  6 22:08:55 newsd(libnetwork.dylib)[483] <Notice>: 0.000s [C11 <private> Hostname#2940eef4:443 proxy] proxy:finish_process
Mar  6 22:08:55 newsd(libnetwork.dylib)[483] <Notice>: 0.000s [C11 <private> Hostname#2940eef4:443 proxy] proxy:start_resolve
Mar  6 22:08:55 newsd(libnetwork.dylib)[483] <Notice>: 0.000s [C11 <private> Hostname#2940eef4:443 proxy] proxy:finish_resolve
Mar  6 22:08:55 newsd(libnetwork.dylib)[483] <Notice>: 0.000s [C11.1 <private> 192.168.1.232:60540<->IPv4#4bb86b55:8888 channel-flow] path:start
Mar  6 22:08:55 newsd(libnetwork.dylib)[483] <Notice>: 0.000s [C11.1 <private> 192.168.1.232:60540<->IPv4#4bb86b55:8888 channel-flow] path:satisfied
Mar  6 22:08:55 newsd(libnetwork.dylib)[483] <Notice>: 0.000s [C11.1 <private> 192.168.1.232:60540<->IPv4#4bb86b55:8888 channel-flow] flow:start_nexus
Mar  6 22:08:55 newsd(libnetwork.dylib)[483] <Notice>: 0.001s [C11.1 <private> 192.168.1.232:60540<->IPv4#4bb86b55:8888 channel-flow] flow:receive_nexus
Mar  6 22:08:55 newsd(libnetwork.dylib)[483] <Notice>: 0.001s [C11.1 <private> 192.168.1.232:60540<->IPv4#4bb86b55:8888 channel-flow] flow:start_connect
Mar  6 22:08:55 newsd(libnetwork.dylib)[483] <Notice>: 0.016s [C11.1 <private> 192.168.1.232:60540<->IPv4#4bb86b55:8888 channel-flow] flow:finish_transport
Mar  6 22:08:55 newsd(libnetwork.dylib)[483] <Notice>: 0.016s [C11 <private> Hostname#2940eef4:443 proxy] flow:finish_transport
Mar  6 22:08:55 newsd(libnetwork.dylib)[483] <Notice>: 0.016s [C11.1 <private> 192.168.1.232:60540<->IPv4#4bb86b55:8888 channel-flow] flow:finish_connect
Mar  6 22:08:55 newsd(libnetwork.dylib)[483] <Notice>: 0.016s [C11 <private> Hostname#2940eef4:443 proxy] flow:finish_connect
Mar  6 22:08:55 newsd(libnetwork.dylib)[483] <Notice>: 0.016s [C11.1 <private> 192.168.1.232:60540<->IPv4#4bb86b55:8888 channel-flow] flow:changed_viability
Mar  6 22:08:55 newsd(libnetwork.dylib)[483] <Notice>: 0.016s [C11 <private> Hostname#2940eef4:443 proxy] flow:changed_viability
Mar  6 22:08:55 newsd(libnetwork.dylib)[483] <Notice>: 0.162s [C11.1 <private> 192.168.1.232:60540<->IPv4#4bb86b55:8888 channel-flow] flow:start_secondary_connect
Mar  6 22:08:55 newsd(libnetwork.dylib)[483] <Notice>: 0.162s [C11 <private> Hostname#2940eef4:443 proxy] flow:start_secondary_connect
Mar  6 22:08:55 newsd(libnetwork.dylib)[483] <Notice>: 0.162s [C11.1 <private> 192.168.1.232:60540<->IPv4#4bb86b55:8888 channel-flow] flow:start_connect
Mar  6 22:08:55 newsd(libnetwork.dylib)[483] <Notice>: 0.162s [C11 <private> Hostname#2940eef4:443 proxy] flow:start_connect
Mar  6 22:08:55 newsd(libnetwork.dylib)[483] <Notice>: 0.162s [C11.1 <private> 192.168.1.232:60540<->IPv4#4bb86b55:8888 channel-flow] flow:finish_transport
Mar  6 22:08:55 newsd(libnetwork.dylib)[483] <Notice>: 0.162s [C11 <private> Hostname#2940eef4:443 proxy] flow:finish_transport
Mar  6 22:08:55 newsd(libnetwork.dylib)[483] <Notice>: 0.316s [C11.1 <private> 192.168.1.232:60540<->IPv4#4bb86b55:8888 channel-flow] flow:finish_connect
Mar  6 22:08:55 newsd(libnetwork.dylib)[483] <Notice>: 0.316s [C11 <private> Hostname#2940eef4:443 proxy] flow:finish_connect
Mar  6 22:08:55 newsd(libnetwork.dylib)[483] <Notice>: 31.308s [C11] path:cancel
Mar  6 22:08:55 newsd(libusrtcp.dylib)[483] <Notice>: nw_protocol_tcp_log_summary [C11.1:2] 
	[<private> <private>:60540<-><private>:8888]
	Init: 1, Conn_Time: 14.179ms, Syn's: 1, WR_T: 0/0, RD_T: 0/0, TFO: 0/0/0, ECN: 0/0/0, TS: 1
	RTT_Cache: kernel, rtt_upd: 19, rtt: 24.781ms, rtt_var: 19.937ms rtt_nc: 22.625ms, rtt_var_nc: 16.500ms
Mar  6 22:08:55 newsd(libnetwork.dylib)[483] <Notice>: nw_endpoint_flow_protocol_disconnected [C11.1 IPv4#4bb86b55:8888 cancelled channel-flow (null)] Output protocol disconnected
Mar  6 22:08:55 newsd(libnetwork.dylib)[483] <Notice>: nw_connection_report_state_with_handler_locked [C11] reporting state cancelled
Mar  6 22:08:55 newsd(CFNetwork)[483] <Notice>: TIC TCP Conn Destroyed [11:0x13f8ba060]
Mar  6 22:08:55 mediaserverd(CoreMedia)[31] <Notice>: <<<< TimeSyncClock >>>> figTimeSyncClock_Monitor: nowMonClock: 5381.901892; lastMonClock: 5371.898480; nowMonNet: 5381.902 (0x95bf2d1ef5be0000); lastMonNet: 5371.898 (0x95bf2d1ef5be0000); nowMonRef: 5381.902; lasMontRef: 5371.898; lastSynthAnchor: 5381.902; lastGM: 0x95bf2d1ef5be0000; offset 0.000; lastRefTimelineAnchor: 5381.902
Mar  6 22:08:56 sharingd(WirelessProximity)[62] <Notice>: Nearby stop scanning: scan request of type 15, blob: <>, mask <>, active: 0, duplicates: 0, screen on: No Scan, screen off: No Scan, rssi: -90, peers: (
) scan mode: 0
Mar  6 22:08:56 sharingd(WirelessProximity)[62] <Notice>: Nearby start scanning with data: scan request of type 15, blob: <>, mask <>, active: 0, duplicates: 1, screen on: 300, screen off: 966, rssi: -70, peers: (
) scan mode: 0
Mar  6 22:08:56 wirelessproxd[60] <Notice>: Stop scanning for process sharingd (62) with scan request of type 15, blob: <>, mask <>, active: 0, duplicates: 0, screen on: No Scan, screen off: No Scan, rssi: -90, peers: (
) scan mode: 0
Mar  6 22:08:56 wirelessproxd[60] <Notice>: Removing scan request scan request of type 15, blob: <>, mask <>, active: 0, duplicates: 0, screen on: No Scan, screen off: No Scan, rssi: -90, peers: (
) scan mode: 0 for client 49A149AC-A4FB-420D-99F9-280975229DE2
Mar  6 22:08:56 wirelessproxd[60] <Notice>: heySiriScanActive: NO
Mar  6 22:08:56 wirelessproxd[60] <Notice>: Passively scanning for devices of types: 5 7 (Window: 30/Interval: 300)
Mar  6 22:08:56 wirelessproxd[60] <Notice>: About to scan for type: 5 - rssi: -80 - payload: <00000000 00000000 00000000 00000000 00000000 0000> - mask: <00000000 00000000 00000000 00000000 00000000 0000> - peers: 0
Mar  6 22:08:56 wirelessproxd[60] <Notice>: About to scan for type: 7 - rssi: -60 - payload: <00000000 00000000 00000000 00000000 00000000 0000> - mask: <00000000 00000000 00000000 00000000 00000000 0000> - peers: 0
Mar  6 22:08:56 wirelessproxd[60] <Notice>: Scan options changed: YES
Mar  6 22:08:56 wirelessproxd[60] <Notice>: Start scanning for process sharingd (62) with scan request of type 15, blob: <>, mask <>, active: 0, duplicates: 1, screen on: 300, screen off: 966, rssi: -70, peers: (
) scan mode: 0
Mar  6 22:08:56 bluetoothd[82] <Notice>: Received XPC message "CBMsgIdStopScan" from session "com.apple.wirelessproxd-central-60-0"
Mar  6 22:08:56 wirelessproxd[60] <Notice>: Adding scan request called
Mar  6 22:08:56 wirelessproxd[60] <Notice>: Adding scan request scan request of type 15, blob: <00000000 00000000 00000000 00000000 00000000 0000>, mask <00000000 00000000 00000000 00000000 00000000 0000>, active: 0, duplicates: 1, screen on: 300, screen off: 966, rssi: -70, peers: (
) scan mode: 0 for client 49A149AC-A4FB-420D-99F9-280975229DE2
Mar  6 22:08:56 wirelessproxd[60] <Notice>: heySiriScanActive: NO
Mar  6 22:08:56 wirelessproxd[60] <Notice>: Passively scanning for devices of types: 15 5 7 (Window: 30/Interval: 300)
Mar  6 22:08:56 wirelessproxd[60] <Notice>: About to scan for type: 15 - rssi: -70 - payload: <00000000 00000000 00000000 00000000 00000000 0000> - mask: <00000000 00000000 00000000 00000000 00000000 0000> - peers: 0
Mar  6 22:08:56 wirelessproxd[60] <Notice>: About to scan for type: 5 - rssi: -80 - payload: <00000000 00000000 00000000 00000000 00000000 0000> - mask: <00000000 00000000 00000000 00000000 00000000 0000> - peers: 0
Mar  6 22:08:56 wirelessproxd[60] <Notice>: About to scan for type: 7 - rssi: -60 - payload: <00000000 00000000 00000000 00000000 00000000 0000> - mask: <00000000 00000000 00000000 00000000 00000000 0000> - peers: 0
Mar  6 22:08:56 wirelessproxd[60] <Notice>: Scan options changed: YES
Mar  6 22:08:56 bluetoothd[82] <Notice>: Received 'stop scan' request from session "com.apple.wirelessproxd-central-60-0"
Mar  6 22:08:56 bluetoothd[82] <Notice>: ShouldScan=1 AnyValidScanRequests=1 anyValidScanRequestInPaused=0 fObserverState=Active
Mar  6 22:08:56 bluetoothd[82] <Notice>: allowDups=0 agentAllowDups=0 activeScan=0
Mar  6 22:08:56 bluetoothd[82] <Notice>: Returning scan parameters 30.00ms/300.00ms (passive) with dups minScanLevel:4
Mar  6 22:08:56 bluetoothd[82] <Notice>: needToRestart=1
Mar  6 22:08:56 bluetoothd[82] <Notice>: Stopping scan for session "<private>" - 4 advertisements delivered
Mar  6 22:08:56 bluetoothd[82] <Notice>: Received XPC message "CBMsgIdScan" from session "com.apple.wirelessproxd-central-60-0"
Mar  6 22:08:56 bluetoothd[82] <Notice>: Received 'start scan' request without duplicates for all UUIDs from session "com.apple.wirelessproxd-central-60-0"
Mar  6 22:08:56 bluetoothd[82] <Notice>: Waiting for scan state to settle before updating scan
Mar  6 22:08:56 bluetoothd[82] <Notice>: Received XPC message "CBMsgIdStopScan" from session "com.apple.wirelessproxd-central-60-0"
Mar  6 22:08:56 bluetoothd[82] <Notice>: Received 'stop scan' request from session "com.apple.wirelessproxd-central-60-0"
Mar  6 22:08:56 bluetoothd[82] <Notice>: Waiting for scan state to settle before updating scan
Mar  6 22:08:56 bluetoothd[82] <Notice>: Stopping scan for session "<private>" - 0 advertisements delivered
Mar  6 22:08:56 bluetoothd[82] <Notice>: Received XPC message "CBMsgIdScan" from session "com.apple.wirelessproxd-central-60-0"
Mar  6 22:08:56 bluetoothd[82] <Notice>: Received 'start scan' request with duplicates for all UUIDs from session "com.apple.wirelessproxd-central-60-0"
Mar  6 22:08:56 bluetoothd[82] <Notice>: Waiting for scan state to settle before updating scan
Mar  6 22:08:56 bluetoothd[82] <Notice>: Scanning stopped successfully.  4 Advertising Events
Mar  6 22:08:56 bluetoothd[82] <Notice>: Trying to remove scan filters with force=NO
Mar  6 22:08:56 bluetoothd[82] <Notice>: handleScanStoppedEvent state=Idle observerState=Active
Mar  6 22:08:56 bluetoothd[82] <Notice>: ShouldScan=1 AnyValidScanRequests=1 anyValidScanRequestInPaused=0 fObserverState=Active
Mar  6 22:08:56 bluetoothd[82] <Notice>: allowDups=0 agentAllowDups=0 activeScan=0
Mar  6 22:08:56 bluetoothd[82] <Notice>: allowDups=1 agentAllowDups=1 activeScan=0
Mar  6 22:08:56 bluetoothd[82] <Notice>: Returning scan parameters 30.00ms/300.00ms (passive) without dups minScanLevel:4
Mar  6 22:08:56 bluetoothd[82] <Notice>: needToRestart=1
Mar  6 22:08:56 bluetoothd[82] <Notice>: Starting passive scan (300.00ms/30.00ms) with duplicate filter disabled
Mar  6 22:08:56 bluetoothd[82] <Notice>: Scanning started successfully
Mar  6 22:08:56 bluetoothd[82] <Notice>: ShouldScan=1 AnyValidScanRequests=1 anyValidScanRequestInPaused=0 fObserverState=Active
Mar  6 22:08:56 bluetoothd[82] <Notice>: allowDups=0 agentAllowDups=0 activeScan=0
Mar  6 22:08:56 bluetoothd[82] <Notice>: allowDups=1 agentAllowDups=1 activeScan=0
Mar  6 22:08:56 bluetoothd[82] <Notice>: Returning scan parameters 30.00ms/300.00ms (passive) without dups minScanLevel:4
Mar  6 22:08:56 bluetoothd[82] <Notice>: needToRestart=0
Mar  6 22:08:56 trustd[115] <Notice>: could not disable pinning: not an internal release
Mar  6 22:08:57 searchd(DuetActivityScheduler)[177] <Notice>: Task com.apple.searchd.index.commit: Returning YES
Mar  6 22:08:59 CommCenter(libATCommandStudioDynamic.dylib)[84] <Notice>: QMI: Svc=0xe2(BSP) Ind MsgId=0xe021 Bin=[<private>]
Mar  6 22:09:00 symptomsd(SymptomEvaluator)[125] <Notice>: L2 Metrics on ifname en0: rssi: -54 (txFrames/txReTx/txFail) 4/3/0 -> (was/is) 0/0
Mar  6 22:09:01 locationd[64] <Notice>: Current state of Workout Predictor: 0
Mar  6 22:09:01 UserEventAgent(IOAccessoryManager)[71] <Notice>: <private> !
Mar  6 22:09:04 CommCenter(libATCommandStudioDynamic.dylib)[84] <Notice>: QMI: Svc=0xe2(BSP) Ind MsgId=0xe021 Bin=[<private>]
Mar  6 22:09:04 dasd(DuetActivitySchedulerDaemon)[127] <Notice>: com.apple.Safari.SafeBrowsing.BrowsingDatabases.Update:6B26C6:[
	{name: DeviceActivityPolicy, policyWeight: 10.000, response: {Decision: Can Proceed, Score: 0.57}}
 ] sumScores:60.642222, denominator:64.920000, FinalDecision: Can Proceed FinalScore: 0.934107}
Mar  6 22:09:04 dasd(DuetActivitySchedulerDaemon)[127] <Notice>: 'com.apple.Safari.SafeBrowsing.BrowsingDatabases.Update:6B26C6' CurrentScore: 0.934107, ThresholdScore: 0.187983 DecisionToRun:1
Mar  6 22:09:04 dasd(DuetActivitySchedulerDaemon)[127] <Notice>: With <private> ...Tasks running in group [com.apple.dasd.defaultNetwork] are 1!
Mar  6 22:09:04 dasd(DuetActivitySchedulerDaemon)[127] <Notice>: Running activities : <private>
Mar  6 22:09:04 dasd(DuetActivitySchedulerDaemon)[127] <Notice>: Not tracking activity: <private>
Mar  6 22:09:04 dasd(DuetActivitySchedulerDaemon)[127] <Notice>: Rescoring all 207 activities [<private>]
Mar  6 22:09:04 UserEventAgent(DuetActivityScheduler)[71] <Notice>: STARTING: <private>
Mar  6 22:09:04 dasd(DuetActivitySchedulerDaemon)[127] <Notice>: Setting timer (isWaking=1, activityRequiresWaking=0) between <private> and <private> for <private>
Mar  6 22:09:04 UserEventAgent(com.apple.cts)[71] <Notice>: Initiating XPC Activity: com.apple.Safari.SafeBrowsing.BrowsingDatabases.Update
Mar  6 22:09:04 UserEventAgent(com.apple.cts)[71] <Notice>: Running XPC Activity (PID 638): <private>
Mar  6 22:09:04 com.apple.Safari.SafeBrowsing.Service(CFNetwork)[638] <Notice>: Task <D4E8246D-211A-4350-BFB8-D031E5530AB0>.<3> resuming, QOS(0x11)
Mar  6 22:09:04 com.apple.Safari.SafeBrowsing.Service(CFNetwork)[638] <Notice>: Task <D4E8246D-211A-4350-BFB8-D031E5530AB0>.<3> {strength 0, tls 4, ct 0, sub 0, sig 1, ciphers 0, bundle 1, builtin 0}
Mar  6 22:09:04 com.apple.Safari.SafeBrowsing.Service(CFNetwork)[638] <Notice>: TIC Enabling TLS [3:0x14ff0df70]
Mar  6 22:09:04 com.apple.Safari.SafeBrowsing.Service(CFNetwork)[638] <Notice>: TIC TCP Conn Start [3:0x14ff0df70]
Mar  6 22:09:04 com.apple.Safari.SafeBrowsing.Service(libnetwork.dylib)[638] <Notice>: [C3 Hostname#0afc2149:443 tcp, url hash: 27b71fe2, traffic class: 100, tls, no cellular] start
Mar  6 22:09:04 com.apple.Safari.SafeBrowsing.Service(libnetwork.dylib)[638] <Notice>: nw_connection_report_state_with_handler_locked [C3] reporting state preparing
Mar  6 22:09:04 com.apple.Safari.SafeBrowsing.Service(CFNetwork)[638] <Notice>: Task <D4E8246D-211A-4350-BFB8-D031E5530AB0>.<3> setting up Connection 3
Mar  6 22:09:04 com.apple.Safari.SafeBrowsing.Service(libnetwork.dylib)[638] <Notice>: nw_endpoint_flow_protocol_connected [C3.1 IPv4#7568c03b:8888 in_progress channel-flow (satisfied)] Transport protocol connected
Mar  6 22:09:04 com.apple.Safari.SafeBrowsing.Service(libnetwork.dylib)[638] <Notice>: nw_endpoint_flow_protocol_connected [C3.1 IPv4#7568c03b:8888 in_progress channel-flow (satisfied)] Output protocol connected
Mar  6 22:09:04 com.apple.Safari.SafeBrowsing.Service(libnetwork.dylib)[638] <Notice>: nw_connection_report_state_with_handler_locked [C3] reporting state ready
Mar  6 22:09:04 com.apple.Safari.SafeBrowsing.Service(CFNetwork)[638] <Notice>: TIC TCP Conn Connected [3:0x14ff0df70]: Err(16)
Mar  6 22:09:04 com.apple.Safari.SafeBrowsing.Service(CFNetwork)[638] <Notice>: TIC TCP Conn Event [3:0x14ff0df70]: 1
Mar  6 22:09:04 com.apple.Safari.SafeBrowsing.Service(CFNetwork)[638] <Notice>: TIC Enabling TLS [3:0x14ff0df70]
Mar  6 22:09:04 com.apple.Safari.SafeBrowsing.Service(libnetwork.dylib)[638] <Notice>: nw_connection_report_state_with_handler_locked [C3] reporting state preparing
Mar  6 22:09:04 com.apple.Safari.SafeBrowsing.Service(libnetwork.dylib)[638] <Notice>: nw_endpoint_flow_protocol_connected [C3.1 IPv4#7568c03b:8888 in_progress channel-flow (satisfied)] Transport protocol connected
Mar  6 22:09:04 com.apple.Safari.SafeBrowsing.Service(CFNetwork)[638] <Notice>: TIC TLS Event [3:0x14ff0df70]: 1, Pending(0)
Mar  6 22:09:04 com.apple.Safari.SafeBrowsing.Service(CFNetwork)[638] <Notice>: TIC TLS Event [3:0x14ff0df70]: 11, Pending(0)
Mar  6 22:09:04 com.apple.Safari.SafeBrowsing.Service(CFNetwork)[638] <Notice>: TIC TLS Event [3:0x14ff0df70]: 14, Pending(0)
Mar  6 22:09:04 com.apple.Safari.SafeBrowsing.Service(CFNetwork)[638] <Notice>: TIC TLS Trust Result [3:0x14ff0df70]: 0
Mar  6 22:09:04 com.apple.Safari.SafeBrowsing.Service(CFNetwork)[638] <Notice>: TIC TLS Event [3:0x14ff0df70]: 2, Pending(0)
Mar  6 22:09:04 com.apple.Safari.SafeBrowsing.Service(libnetwork.dylib)[638] <Notice>: nw_endpoint_flow_protocol_connected [C3.1 IPv4#7568c03b:8888 in_progress channel-flow (satisfied)] Output protocol connected
Mar  6 22:09:04 com.apple.Safari.SafeBrowsing.Service(libnetwork.dylib)[638] <Notice>: nw_connection_report_state_with_handler_locked [C3] reporting state ready
Mar  6 22:09:04 com.apple.Safari.SafeBrowsing.Service(CFNetwork)[638] <Notice>: TIC TLS Event [3:0x14ff0df70]: 20, Pending(0)
Mar  6 22:09:04 com.apple.Safari.SafeBrowsing.Service(CFNetwork)[638] <Notice>: TIC TCP Conn Event [3:0x14ff0df70]: 8
Mar  6 22:09:04 com.apple.Safari.SafeBrowsing.Service(CFNetwork)[638] <Notice>: TIC TLS Handshake Complete [3:0x14ff0df70]
Mar  6 22:09:04 com.apple.Safari.SafeBrowsing.Service(CFNetwork)[638] <Notice>: Task <D4E8246D-211A-4350-BFB8-D031E5530AB0>.<3> now using Connection 3
Mar  6 22:09:04 com.apple.Safari.SafeBrowsing.Service(libnetwork.dylib)[638] <Notice>: nw_endpoint_flow_protocol_connected [C3.1 IPv4#7568c03b:8888 ready channel-flow (satisfied)] Output protocol connected
Mar  6 22:09:04 com.apple.Safari.SafeBrowsing.Service(CFNetwork)[638] <Notice>: Task <D4E8246D-211A-4350-BFB8-D031E5530AB0>.<3> sent request, body N
Mar  6 22:09:04 com.apple.Safari.SafeBrowsing.Service(CFNetwork)[638] <Notice>: Task <D4E8246D-211A-4350-BFB8-D031E5530AB0>.<3> received response, status 200 content K
Mar  6 22:09:04 com.apple.Safari.SafeBrowsing.Service(CFNetwork)[638] <Notice>: Task <D4E8246D-211A-4350-BFB8-D031E5530AB0>.<3> response ended
Mar  6 22:09:04 com.apple.Safari.SafeBrowsing.Service(CFNetwork)[638] <Notice>: Task <D4E8246D-211A-4350-BFB8-D031E5530AB0>.<3> done using Connection 3
Mar  6 22:09:05 symptomsd(SymptomEvaluator)[125] <Notice>: L2 Metrics on ifname en0: rssi: -54 (txFrames/txReTx/txFail) 13/3/0 -> (was/is) 0/0
Mar  6 22:09:05 mediaserverd(CoreMedia)[31] <Notice>: <<<< TimeSyncClock >>>> figTimeSyncClock_Monitor: nowMonClock: 5391.913829; lastMonClock: 5381.901892; nowMonNet: 5391.914 (0x95bf2d1ef5be0000); lastMonNet: 5381.902 (0x95bf2d1ef5be0000); nowMonRef: 5391.914; lasMontRef: 5381.902; lastSynthAnchor: 5391.914; lastGM: 0x95bf2d1ef5be0000; offset 0.000; lastRefTimelineAnchor: 5391.914
Mar  6 22:09:06 locationd[64] <Notice>: {"msg":"adapter details", "adapterDescription":"pd charger", "batteryChargerType":"kChargerTypeUnknown", "level":92}
Mar  6 22:09:06 locationd[64] <Notice>: {"msg":"state transition", "event":"state_transition", "state":"DaemonStatus", "id":"0x105a195d0", "property":"batteryData", "old":{"wasConnected":true,"charged":false,"level":91,"connected":true,"chargerType":"kChargerTypeUnknown"}, "new":{"wasConnected":true,"charged":false,"level":92,"connected":true,"chargerType":"kChargerTypeUnknown"}}
Mar  6 22:09:06 powerd[40] <Notice>: Battery capacity change posted(0xb005c). Capacity:92 Source:AC
Mar  6 22:09:06 powerd[40] <Notice>: Battery time remaining posted. Capacity:92
Mar  6 22:09:06 SpringBoard(BatteryCenter)[57] <Notice>: Power sources changed
Mar  6 22:09:06 SpringBoard(BatteryCenter)[57] <Notice>: Query power sources
Mar  6 22:09:06 SpringBoard(BatteryCenter)[57] <Notice>: Got a list of 1 sources
Mar  6 22:09:06 SpringBoard(BatteryCenter)[57] <Notice>: Found 1 power sources
Mar  6 22:09:06 SpringBoard(BatteryCenter)[57] <Notice>: Found power source: {
    "Battery Provides Time Remaining" = 1;
    BatteryHealth = "Check Battery";
    "Current Capacity" = 92;
    "Is Charging" = 1;
    "Is Finishing Charge" = 0;
    "Is Present" = 1;
    "Max Capacity" = 100;
    Name = "InternalBattery-0";
    "Power Source ID" = 2621539;
    "Power Source State" = "AC Power";
    "Raw External Connected" = 1;
    "Show Charging UI" = 1;
    "Time to Empty" = 0;
    "Time to Full Charge" = 0;
    "Transport Type" = Internal;
    Type = InternalBattery;
}
Mar  6 22:09:06 SpringBoard(BatteryCenter)[57] <Notice>: Found device: <BCBatteryDevice: 0x2805c2580; vendor = Apple; productIdentifier = 0; parts = (null); identifier = 2621539; matchIdentifier = (null); name = \M-i\M^C\M--\M-i\M^Q\M-+\M-f\M^^\M-+\M-b\M^@\M^Ys iPhone; groupName =InternalBattery-0; percentCharge = 92; lowBattery = NO; batterySaverModeActive = NO; connected = YES; charging = YES; internal = YES; powerSource = YES; poweredSoureState = AC Power; transportType = 1; accessoryIdentifier = (null); accessoryCategory = Unknown; >
Mar  6 22:09:06 SpringBoard[57] <Notice>: battery info changed to (charging 92) with detail='92%'
Mar  6 22:09:06 sharingd[62] <Notice>: Companion link connected devices (null)
Mar  6 22:09:06 sharingd[62] <Notice>: Local power source updated <SFPowerSource 0x1FCC, SID 2621539, L +92.0%, GroupID Internal, AdFm E0004007, ChUI yes, MaxC 100, Typ 'InternalBattery', TPT 'Internal', Nm 'InternalBattery-0', St Charging>, IOPS details SFPowerSource 0x1FCC {
    "Is Finishing Charge" : false,
    "Is Present" : true,
    "Power Source State" : "AC Power",
    "Max Capacity" : 100,
    "Name" : "InternalBattery-0",
    "Current Capacity" : 92,
    "Battery Provides Time Remaining" : true,
    "Is Charging" : true,
    "Transport Type" : "Internal",
    "Show Charging UI" : true,
    "Time to Empty" : 0,
    "Power Source ID" : 2621539,
    "Type" : "InternalBattery",
    "BatteryHealth" : "Check Battery",
    "Raw External Connected" : true,
    "Time to Full Charge" : 0,
}
Adapter {
    "SerialString" : "UNKNOWN",
    "Watts" : 12,
    "Description" : "pd charger",
    "Amperage" : 2550,
    "PMUConfiguration" : 2550,
    "FamilyCode" : -536854521,
    "UsbHvcMenu" : 
    [
        {
            "MaxCurrent" : 2550,
            "Index" : 0,
            "<\M-b\M^@\M-&> link connected <decode: missing data>
Mar  6 22:09:06 dasd(DuetActivitySchedulerDaemon)[127] <Notice>: Trigger: <private> is now [92]
Mar  6 22:09:06 lockdownd[72] <Notice>: handle_get_value: <private>
Mar  6 22:09:06 lockdownd[72] <Notice>: handle_get_value: <private>
Mar  6 22:09:06 trustd[115] <Notice>: cert[0]: MissingIntermediate =(leaf)[force]> 0
Mar  6 22:09:06 trustd[115] <Notice>: cert[0]: NonEmptySubject =(path)[]> 0
Mar  6 22:09:06 lockdownd[72] <Notice>: handle_get_value: <private>
Mar  6 22:09:06 lockdownd[72] <Notice>: handle_get_value: <private>
Mar  6 22:09:06 trustd[115] <Notice>: cert[0]: MissingIntermediate =(leaf)[force]> 0
Mar  6 22:09:06 trustd[115] <Notice>: cert[0]: NonEmptySubject =(path)[]> 0
Mar  6 22:09:06 lockdownd[72] <Notice>: handle_get_value: <private>
Mar  6 22:09:06 sharingd[62] <Notice>: Sync action handler called
Mar  6 22:09:06 sharingd[62] <Notice>: Default paired device: no
Mar  6 22:09:06 UserEventAgent(com.apple.cts)[71] <Notice>: Completed XPC Activity: com.apple.Safari.SafeBrowsing.BrowsingDatabases.Update
Mar  6 22:09:06 dasd(DuetActivitySchedulerDaemon)[127] <Notice>: COMPLETED com.apple.Safari.SafeBrowsing.BrowsingDatabases.Update:6B26C6 at priority 5 <private>!
Mar  6 22:09:06 dasd(DuetActivitySchedulerDaemon)[127] <Notice>: Don't have <private> for type 0
Mar  6 22:09:06 dasd(DuetActivitySchedulerDaemon)[127] <Notice>: Don't have <private> for type 1
Mar  6 22:09:06 dasd(DuetActivitySchedulerDaemon)[127] <Notice>: NO LONGER RUNNING com.apple.Safari.SafeBrowsing.BrowsingDatabases.Update:6B26C6 ...Tasks running in group [com.apple.dasd.defaultNetwork] are 0!
Mar  6 22:09:06 UserEventAgent(com.apple.cts)[71] <Notice>: Unregistered XPC Activity: com.apple.Safari.SafeBrowsing.BrowsingDatabases.Update
Mar  6 22:09:06 UserEventAgent(com.apple.cts)[71] <Notice>: Creating XPC Activity: com.apple.Safari.SafeBrowsing.BrowsingDatabases.Update
Mar  6 22:09:06 UserEventAgent(DuetActivityScheduler)[71] <Notice>: SUBMITTING: <private>
Mar  6 22:09:06 UserEventAgent(com.apple.cts)[71] <Notice>: Registered XPC Activity: com.apple.Safari.SafeBrowsing.BrowsingDatabases.Update
Mar  6 22:09:06 dasd(DuetActivitySchedulerDaemon)[127] <Notice>: Submitted Activity: com.apple.Safari.SafeBrowsing.BrowsingDatabases.Update:D19D5F at priority 5 <private>
Mar  6 22:09:06 dasd(DuetActivitySchedulerDaemon)[127] <Notice>: Activity <private>: Optimal Score 0.5438 at <private> (Valid Until: <private>)
Mar  6 22:09:08 dasd(DuetActivitySchedulerDaemon)[127] <Notice>: Attempting to suspend based on triggers: (     "com.apple.duetactivityscheduler.batterylevelpolicy.batterylevelchange" )
Mar  6 22:09:08 dasd(DuetActivitySchedulerDaemon)[127] <Notice>: Ignoring trigger com.apple.duetactivityscheduler.batterylevelpolicy.batterylevelchange because conditions are deteriorating
Mar  6 22:09:08 dasd(DuetActivitySchedulerDaemon)[127] <Notice>: Evaluating 0 activities based on triggers
Mar  6 22:09:09 CommCenter(libATCommandStudioDynamic.dylib)[84] <Notice>: QMI: Svc=0xe2(BSP) Ind MsgId=0xe021 Bin=[<private>]
Mar  6 22:09:10 symptomsd(SymptomEvaluator)[125] <Notice>: L2 Metrics on ifname en0: rssi: -53 (txFrames/txReTx/txFail) 2/3/0 -> (was/is) 0/0
Mar  6 22:09:11 sharingd(CoreUtils)[62] <Notice>: BLE NearbyAction found SFBLEDevice ID 428318e1-93ff-1c2d-e416-c92de122d111, RSSI -66 (0)t~U, Ch 39, AdvD <d00a8d5c6f02030c>, Nm '?', Repair, Paired no, Cnx no, NeedsSetup, Problems 0x6 < iCloud iTunes >
Mar  6 22:09:11 sharingd(WirelessProximity)[62] <Notice>: Nearby stop scanning: scan request of type 15, blob: <>, mask <>, active: 0, duplicates: 0, screen on: No Scan, screen off: No Scan, rssi: -90, peers: (
) scan mode: 0
Mar  6 22:09:11 sharingd(WirelessProximity)[62] <Notice>: Nearby start scanning with data: scan request of type 15, blob: <>, mask <>, active: 0, duplicates: 1, screen on: 300, screen off: 966, rssi: -70, peers: (
) scan mode: 0
Mar  6 22:09:11 wirelessproxd[60] <Notice>: Stop scanning for process sharingd (62) with scan request of type 15, blob: <>, mask <>, active: 0, duplicates: 0, screen on: No Scan, screen off: No Scan, rssi: -90, peers: (
) scan mode: 0
Mar  6 22:09:11 wirelessproxd[60] <Notice>: Removing scan request scan request of type 15, blob: <>, mask <>, active: 0, duplicates: 0, screen on: No Scan, screen off: No Scan, rssi: -90, peers: (
) scan mode: 0 for client 49A149AC-A4FB-420D-99F9-280975229DE2
Mar  6 22:09:11 wirelessproxd[60] <Notice>: heySiriScanActive: NO
Mar  6 22:09:11 wirelessproxd[60] <Notice>: Passively scanning for devices of types: 5 7 (Window: 30/Interval: 300)
Mar  6 22:09:11 wirelessproxd[60] <Notice>: About to scan for type: 5 - rssi: -80 - payload: <00000000 00000000 00000000 00000000 00000000 0000> - mask: <00000000 00000000 00000000 00000000 00000000 0000> - peers: 0
Mar  6 22:09:11 wirelessproxd[60] <Notice>: About to scan for type: 7 - rssi: -60 - payload: <00000000 00000000 00000000 00000000 00000000 0000> - mask: <00000000 00000000 00000000 00000000 00000000 0000> - peers: 0
Mar  6 22:09:11 wirelessproxd[60] <Notice>: Scan options changed: YES
Mar  6 22:09:11 bluetoothd[82] <Notice>: Received XPC message "CBMsgIdStopScan" from session "com.apple.wirelessproxd-central-60-0"
Mar  6 22:09:11 bluetoothd[82] <Notice>: Received 'stop scan' request from session "com.apple.wirelessproxd-central-60-0"
Mar  6 22:09:11 wirelessproxd[60] <Notice>: Start scanning for process sharingd (62) with scan request of type 15, blob: <>, mask <>, active: 0, duplicates: 1, screen on: 300, screen off: 966, rssi: -70, peers: (
) scan mode: 0
Mar  6 22:09:11 bluetoothd[82] <Notice>: ShouldScan=1 AnyValidScanRequests=1 anyValidScanRequestInPaused=0 fObserverState=Active
Mar  6 22:09:11 bluetoothd[82] <Notice>: allowDups=0 agentAllowDups=0 activeScan=0
Mar  6 22:09:11 bluetoothd[82] <Notice>: Returning scan parameters 30.00ms/300.00ms (passive) with dups minScanLevel:4
Mar  6 22:09:11 bluetoothd[82] <Notice>: needToRestart=1
Mar  6 22:09:11 wirelessproxd[60] <Notice>: Adding scan request called
Mar  6 22:09:11 wirelessproxd[60] <Notice>: Adding scan request scan request of type 15, blob: <00000000 00000000 00000000 00000000 00000000 0000>, mask <00000000 00000000 00000000 00000000 00000000 0000>, active: 0, duplicates: 1, screen on: 300, screen off: 966, rssi: -70, peers: (
) scan mode: 0 for client 49A149AC-A4FB-420D-99F9-280975229DE2
Mar  6 22:09:11 wirelessproxd[60] <Notice>: heySiriScanActive: NO
Mar  6 22:09:11 bluetoothd[82] <Notice>: Stopping scan for session "<private>" - 4 advertisements delivered
Mar  6 22:09:11 wirelessproxd[60] <Notice>: Passively scanning for devices of types: 15 5 7 (Window: 30/Interval: 300)
Mar  6 22:09:11 wirelessproxd[60] <Notice>: About to scan for type: 15 - rssi: -70 - payload: <00000000 00000000 00000000 00000000 00000000 0000> - mask: <00000000 00000000 00000000 00000000 00000000 0000> - peers: 0
Mar  6 22:09:11 wirelessproxd[60] <Notice>: About to scan for type: 5 - rssi: -80 - payload: <00000000 00000000 00000000 00000000 00000000 0000> - mask: <00000000 00000000 00000000 00000000 00000000 0000> - peers: 0
Mar  6 22:09:11 wirelessproxd[60] <Notice>: About to scan for type: 7 - rssi: -60 - payload: <00000000 00000000 00000000 00000000 00000000 0000> - mask: <00000000 00000000 00000000 00000000 00000000 0000> - peers: 0
Mar  6 22:09:11 wirelessproxd[60] <Notice>: Scan options changed: YES
Mar  6 22:09:11 bluetoothd[82] <Notice>: Received XPC message "CBMsgIdScan" from session "com.apple.wirelessproxd-central-60-0"
Mar  6 22:09:11 bluetoothd[82] <Notice>: Received 'start scan' request without duplicates for all UUIDs from session "com.apple.wirelessproxd-central-60-0"
Mar  6 22:09:11 bluetoothd[82] <Notice>: Waiting for scan state to settle before updating scan
Mar  6 22:09:11 bluetoothd[82] <Notice>: Received XPC message "CBMsgIdStopScan" from session "com.apple.wirelessproxd-central-60-0"
Mar  6 22:09:11 bluetoothd[82] <Notice>: Received 'stop scan' request from session "com.apple.wirelessproxd-central-60-0"
Mar  6 22:09:11 bluetoothd[82] <Notice>: Waiting for scan state to settle before updating scan
Mar  6 22:09:11 bluetoothd[82] <Notice>: Stopping scan for session "<private>" - 0 advertisements delivered
Mar  6 22:09:11 bluetoothd[82] <Notice>: Received XPC message "CBMsgIdScan" from session "com.apple.wirelessproxd-central-60-0"
Mar  6 22:09:11 bluetoothd[82] <Notice>: Received 'start scan' request with duplicates for all UUIDs from session "com.apple.wirelessproxd-central-60-0"
Mar  6 22:09:11 bluetoothd[82] <Notice>: Waiting for scan state to settle before updating scan
Mar  6 22:09:11 bluetoothd[82] <Notice>: Scanning stopped successfully.  4 Advertising Events
Mar  6 22:09:11 bluetoothd[82] <Notice>: Trying to remove scan filters with force=NO
Mar  6 22:09:11 bluetoothd[82] <Notice>: handleScanStoppedEvent state=Idle observerState=Active
Mar  6 22:09:11 bluetoothd[82] <Notice>: ShouldScan=1 AnyValidScanRequests=1 anyValidScanRequestInPaused=0 fObserverState=Active
Mar  6 22:09:11 bluetoothd[82] <Notice>: allowDups=0 agentAllowDups=0 activeScan=0
Mar  6 22:09:11 bluetoothd[82] <Notice>: allowDups=1 agentAllowDups=1 activeScan=0
Mar  6 22:09:11 bluetoothd[82] <Notice>: Returning scan parameters 30.00ms/300.00ms (passive) without dups minScanLevel:4
Mar  6 22:09:11 bluetoothd[82] <Notice>: needToRestart=1
Mar  6 22:09:11 bluetoothd[82] <Notice>: Starting passive scan (300.00ms/30.00ms) with duplicate filter disabled
Mar  6 22:09:11 bluetoothd[82] <Notice>: Scanning started successfully
Mar  6 22:09:11 bluetoothd[82] <Notice>: ShouldScan=1 AnyValidScanRequests=1 anyValidScanRequestInPaused=0 fObserverState=Active
Mar  6 22:09:11 bluetoothd[82] <Notice>: allowDups=0 agentAllowDups=0 activeScan=0
Mar  6 22:09:11 bluetoothd[82] <Notice>: allowDups=1 agentAllowDups=1 activeScan=0
Mar  6 22:09:11 bluetoothd[82] <Notice>: Returning scan parameters 30.00ms/300.00ms (passive) without dups minScanLevel:4
Mar  6 22:09:11 bluetoothd[82] <Notice>: needToRestart=0
Mar  6 22:09:13 aggregated(CoreLocation)[480] <Notice>: {"msg":"CLCopyAppsUsingLocation", "event":"activity"}
Mar  6 22:09:14 CommCenter(libATCommandStudioDynamic.dylib)[84] <Notice>: QMI: Svc=0xe2(BSP) Ind MsgId=0xe021 Bin=[<private>]
Mar  6 22:09:15 nsurlsessiond[98] <Notice>: Triggering periodic update to powerlog for client <private>
Mar  6 22:09:15 symptomsd(SymptomEvaluator)[125] <Notice>: L2 Metrics on ifname en0: rssi: -52 (txFrames/txReTx/txFail) 1/1/0 -> (was/is) 0/0
Mar  6 22:09:15 mediaserverd(CoreMedia)[31] <Notice>: <<<< TimeSyncClock >>>> figTimeSyncClock_Monitor: nowMonClock: 5401.908272; lastMonClock: 5391.913829; nowMonNet: 5401.908 (0x95bf2d1ef5be0000); lastMonNet: 5391.914 (0x95bf2d1ef5be0000); nowMonRef: 5401.908; lasMontRef: 5391.914; lastSynthAnchor: 5401.908; lastGM: 0x95bf2d1ef5be0000; offset 0.000; lastRefTimelineAnchor: 5401.908
Mar  6 22:09:16 configd(IPConfiguration)[37] <Notice>: LINKLOCAL en2: publish success
